2025/05/20 14:06:07 DFAST pipeline started. (version 1.3.6)
2025/05/20 14:06:07 Results will be generated into 'dfast_output'.
2025/05/20 14:06:07 Loading a genomic fasta file from spadesout/scaffolds.fasta
2025/05/20 14:06:07 Genome source information: organism=, strain=
2025/05/20 14:06:07 The query genome is treated as a draft genome with 216 sequences.
2025/05/20 14:06:07 Sequences are sorted by length (from longer to shorter).
2025/05/20 14:06:07 Sequences shorter than 200 will be eliminated.
2025/05/20 14:06:07 Sequences will be renamed as sequence001, sequence002...
2025/05/20 14:06:07 Locus_tag settings: locus_tag_prefix=LOCUS and step=10.
2025/05/20 14:06:07 Locus_tags are assigned separately to each feature type. e.g. CDS: LOCUS_000xx, rRNA: LOCUS_r000xx, tRNA: LOCUS_t000xx, tmRNA: LOCUS_tm000xx.
2025/05/20 14:06:07 Remove_Partial_Feature is enabled.
2025/05/20 14:06:07 Remove_Overlapping_Feature is enabled. Priority: ['assembly_gap', 'CRISPR', ('tmRNA', 'tRNA', 'rRNA'), 'CDS']
2025/05/20 14:06:07 Initializing structural annotation tools... 
2025/05/20 14:06:07 GAPannotator initialized. (Version 1.0)
2025/05/20 14:06:07 Setting GAPannotator options. {'len_cutoff': 5, 'linkage_evidence': 'paired-ends', 'gap_type': 'within scaffold'}
2025/05/20 14:06:07 Checking MetaGeneAnnotator... 
2025/05/20 14:06:07 MetaGeneAnnotator initialized. (Version 2008/08/19)
2025/05/20 14:06:07 Setting MetaGeneAnnotator options. {'cmd_options': '-s', 'transl_table': 11}
2025/05/20 14:06:07 Checking Aragorn version... 
2025/05/20 14:06:07 Aragorn initialized. (Version 1.2.41)
2025/05/20 14:06:07 Setting Aragorn options. {'gcode': '-gcbact', 'cmd_options': '-l', 'transl_table': 11}
2025/05/20 14:06:07 Checking Barrnap version... 
2025/05/20 14:06:07 Barrnap initialized. (Version 0.9)
2025/05/20 14:06:07 Checking CRT version... 
2025/05/20 14:06:07 CRT initialized. (Version 1.2)
2025/05/20 14:06:07 Setting CRT options. {'jar_file': '/Users/fionashavilof/miniconda3/envs/genomeanalysis/opt/dfast-1.3.6/bin/common/CRT1.2-CLI.jar', 'java_options': '', 'cmd_options': ''}
2025/05/20 14:06:07 Checking Java version... 
2025/05/20 14:06:08 Java initialized. (Version 23.0.2)
2025/05/20 14:06:08 Initializing contig annotation tools... 
2025/05/20 14:06:08 Initializing annotation components... 
2025/05/20 14:06:08 DBsearch initialized.
2025/05/20 14:06:08 Setting DBsearch options. {'skipAnnotatedFeatures': True, 'evalue_cutoff': 1e-06, 'qcov_cutoff': 75, 'scov_cutoff': 75, 'pident_cutoff': 0, 'aligner': 'ghostx', 'aligner_options': {}, 'database': '/Users/fionashavilof/miniconda3/envs/genomeanalysis/opt/dfast-1.3.6/db/protein/DFAST-default.ref', 'db_name': ''}
2025/05/20 14:06:08 Checking GHOSTX version... 
2025/05/20 14:06:08 GHOSTX initialized. (Version 1.3.6)
2025/05/20 14:06:09 Reference DB loaded. 381721 sequences. [version=1.2.1, dbname=DFAST-default, contributor=yt,ddbj, modified=20240214]
2025/05/20 14:06:09 PseudoGeneDetection initialized.
2025/05/20 14:06:09 Setting PseudoGeneDetection options. {'cpu': 1, 'skipAnnotatedFeatures': False, 'extension': 300, 'scov_cutoff': 85, 'transl_table': 11}
2025/05/20 14:06:09 Checking lastdb version... 
2025/05/20 14:06:09 lastdb initialized. (Version 959)
2025/05/20 14:06:09 Setting lastdb options. {'cpu': 1, 'skipAnnotatedFeatures': False, 'extension': 300, 'scov_cutoff': 85, 'transl_table': 11}
2025/05/20 14:06:09 Checking lastal version... 
2025/05/20 14:06:09 lastal initialized. (Version 959)
2025/05/20 14:06:09 Setting lastal options. {'cpu': 1, 'skipAnnotatedFeatures': False, 'extension': 300, 'scov_cutoff': 85, 'transl_table': 11}
2025/05/20 14:06:09 Checking Blastp version... 
2025/05/20 14:06:10 Blastp initialized. (Version 2.16.0)
2025/05/20 14:06:10 HMMscan initialized.
2025/05/20 14:06:10 Setting HMMscan options. {'skipAnnotatedFeatures': True, 'evalue_cutoff': 1e-06, 'database': '/Users/fionashavilof/miniconda3/envs/genomeanalysis/opt/dfast-1.3.6/db/hmm/TIGRFAMs_15.0_HMM.LIB', 'db_name': 'TIGR', 'cmd_options': ''}
2025/05/20 14:06:10 Checking hmmscan version... 
2025/05/20 14:06:10 hmmscan initialized. (Version 3.4)
2025/05/20 14:06:10 Setting hmmscan options. {'skipAnnotatedFeatures': True, 'evalue_cutoff': 1e-06, 'database': '/Users/fionashavilof/miniconda3/envs/genomeanalysis/opt/dfast-1.3.6/db/hmm/TIGRFAMs_15.0_HMM.LIB', 'db_name': 'TIGR', 'cmd_options': ''}
2025/05/20 14:06:10 CDDsearch initialized.
2025/05/20 14:06:10 Setting CDDsearch options. {'skipAnnotatedFeatures': False, 'evalue_cutoff': 1e-06, 'database': '/Users/fionashavilof/miniconda3/envs/genomeanalysis/opt/dfast-1.3.6/db/cdd/Cog', 'rpsbproc_data': '/Users/fionashavilof/miniconda3/envs/genomeanalysis/opt/dfast-1.3.6/bin/common/rpsbproc_data'}
2025/05/20 14:06:10 Checking RPSblast version... 
2025/05/20 14:06:10 RPSblast initialized. (Version 2.16.0)
2025/05/20 14:06:10 Setting RPSblast options. {'skipAnnotatedFeatures': False, 'evalue_cutoff': 1e-06, 'database': '/Users/fionashavilof/miniconda3/envs/genomeanalysis/opt/dfast-1.3.6/db/cdd/Cog', 'rpsbproc_data': '/Users/fionashavilof/miniconda3/envs/genomeanalysis/opt/dfast-1.3.6/bin/common/rpsbproc_data'}
2025/05/20 14:06:10 Checking rpsbproc version... 
2025/05/20 14:06:10 rpsbproc initialized. (Version 0.1)
2025/05/20 14:06:10 Setting rpsbproc options. {'skipAnnotatedFeatures': False, 'evalue_cutoff': 1e-06, 'database': '/Users/fionashavilof/miniconda3/envs/genomeanalysis/opt/dfast-1.3.6/db/cdd/Cog', 'rpsbproc_data': '/Users/fionashavilof/miniconda3/envs/genomeanalysis/opt/dfast-1.3.6/bin/common/rpsbproc_data'}
2025/05/20 14:06:10 Start structural annotation process using 4 CPUs
2025/05/20 14:06:13 4 assembly_gap features were detected by GAPannotator.
2025/05/20 14:06:14 5103 CDS features were detected by MetaGeneAnnotator.
2025/05/20 14:06:14 86 tRNA features were detected by Aragorn.
2025/05/20 14:06:14 10 rRNA features were detected by Barrnap.
2025/05/20 14:06:14 2 CRISPR (later will be replaced by repeat_region) features were detected by CRT.
2025/05/20 14:06:14 Removed 11 overlapping features.
2025/05/20 14:06:14 Start executing functional annotation components.
2025/05/20 14:06:14 DBsearch will be performed using 4 CPUs.
2025/05/20 14:06:55 DBsearch done 4/4.
2025/05/20 14:06:56 DBsearch done 1/4.
2025/05/20 14:06:57 DBsearch done 2/4.
2025/05/20 14:06:58 DBsearch done 3/4.
2025/05/20 14:06:59 Last format DB will be performed using 1 CPUs.
2025/05/20 14:06:59 Last format DB done 1/1.
2025/05/20 14:06:59 Last alignment will be performed using 1 CPUs.
2025/05/20 14:07:01 Last alignment done 1/1.
2025/05/20 14:07:01 48 CDS features were marked as possible pseudo due to internal stop codons.
2025/05/20 14:07:01 82 CDS features were marked as possible pseudo due to frameshift.
2025/05/20 14:07:01 Internal stop codons in the following 3 CDSs are translated to selenosysteine/pyrrolysine, which will be annotated with 'transl_except'. ['MGA_3916', 'MGA_4214', 'MGA_2889']
2025/05/20 14:07:01 Removed 3 CDSs. ['MGA_3917', 'MGA_4213', 'MGA_2890']
2025/05/20 14:07:04 HMMscan will be performed using 4 CPUs.
2025/05/20 14:07:21 HMMscan done 4/4.
2025/05/20 14:07:21 HMMscan done 3/4.
2025/05/20 14:07:21 HMMscan done 2/4.
2025/05/20 14:07:21 HMMscan done 1/4.
2025/05/20 14:07:21 Collecting HMMscan results.
2025/05/20 14:07:22 RPSblast will be performed using 4 CPUs.
2025/05/20 14:08:36 RPSblast done 4/4.
2025/05/20 14:08:37 RPSblast done 3/4.
2025/05/20 14:08:38 RPSblast done 1/4.
2025/05/20 14:08:38 RPSblast done 2/4.
2025/05/20 14:08:38 rpsbproc will be performed using 4 CPUs.
2025/05/20 14:08:40 rpsbproc done 4/4.
2025/05/20 14:08:40 rpsbproc done 2/4.
2025/05/20 14:08:40 rpsbproc done 1/4.
2025/05/20 14:08:40 rpsbproc done 3/4.
2025/05/20 14:08:40 Start contig annotation process using 4 CPUs
2025/05/20 14:08:40 Partial CDS predicted at sequence006:[<0:1427](+) will be annotated as misc_feature
2025/05/20 14:08:40 Partial CDS predicted at sequence008:[<0:1427](+) will be annotated as misc_feature
2025/05/20 14:08:40 Partial CDS predicted at sequence011:[<0:2462](+) will be annotated as misc_feature
2025/05/20 14:08:40 Partial CDS predicted at sequence015:[<0:682](+) will be annotated as misc_feature
2025/05/20 14:08:40 Partial CDS predicted at sequence027:[46039:>48429](-) will be annotated as misc_feature
2025/05/20 14:08:40 Partial CDS predicted at sequence053:[8631:>9142](-) will be annotated as misc_feature
2025/05/20 14:08:40 Partial CDS predicted at sequence056:[<0:608](+) will be annotated as misc_feature
2025/05/20 14:08:40 Partial CDS predicted at sequence064:[<0:835](+) will be annotated as misc_feature
2025/05/20 14:08:40 Partial CDS predicted at sequence066:[<0:826](+) will be annotated as misc_feature
2025/05/20 14:08:40 Partial CDS predicted at sequence071:[<0:665](+) will be annotated as misc_feature
2025/05/20 14:08:40 Partial CDS predicted at sequence075:[743:>2363](-) will be annotated as misc_feature
2025/05/20 14:08:40 Partial CDS predicted at sequence076:[116:>2267](-) will be annotated as misc_feature
2025/05/20 14:08:40 Partial CDS predicted at sequence083:[<0:660](+) will be annotated as misc_feature
2025/05/20 14:08:40 Partial CDS predicted at sequence088:[<0:797](+) will be annotated as misc_feature
2025/05/20 14:08:40 Removed 159 partial features.
2025/05/20 14:08:40 Assigning locus_tags to CDS, rRNA, tRNA, tmRNA
2025/05/20 14:08:41 Setting output verbosity level to 3.
2025/05/20 14:08:41 Writing a genome fasta file to dfast_output/genome.fna
2025/05/20 14:08:41 Writing a CDS fasta file to dfast_output/cds.fna
2025/05/20 14:08:41 Writing a protein fasta file to dfast_output/protein.faa
2025/05/20 14:08:41 Writing an RNA fasta file to dfast_output/rna.fna
2025/05/20 14:08:41 Writing a GFF file to dfast_output/genome.gff
2025/05/20 14:08:41 Writing a GenBank format file to dfast_output/genome.gbk
2025/05/20 14:08:42 Writing an EMBL format file to dfast_output/genome.embl
2025/05/20 14:08:42 Writing a DDBJ annotation file to dfast_output/ddbj/mss.ann
2025/05/20 14:08:42 Writing a DDBJ sequence file to dfast_output/ddbj/mss.fasta
2025/05/20 14:08:43 [Experimental] DFAST Record JSON will not be generated. Please install dr_tools and use Python>=3.10.
2025/05/20 14:08:43 DFAST pipeline completed!
2025/05/20 14:08:43 Total running time: 0h2m36s
